  [1m[35m (4.2ms)[0m  [1m[35mCREATE TABLE "schema_migrations" ("version" varchar NOT NULL PRIMARY KEY)[0m
  [1m[35m (0.2ms)[0m  [1m[35mCREATE TABLE "ar_internal_metadata" ("key" varchar NOT NULL PRIMARY KEY, "value" varchar, "created_at" datetime(6) NOT NULL, "updated_at" datetime(6) NOT NULL)[0m
  [1m[36mActiveRecord::InternalMetadata Load (0.3ms)[0m  [1m[34mSELECT * FROM "ar_internal_metadata" WHERE "ar_internal_metadata"."key" = ? ORDER BY "ar_internal_metadata"."key" ASC LIMIT 1[0m  [[nil, "environment"]]
  [1m[36mActiveRecord::InternalMetadata Create (0.3ms)[0m  [1m[32mINSERT INTO "ar_internal_metadata" ("key", "value", "created_at", "updated_at") VALUES ('environment', 'development', '2025-10-31 07:58:20.250043', '2025-10-31 07:58:20.250046') RETURNING "key"[0m
  [1m[36mActiveRecord::SchemaMigration Load (0.1ms)[0m  [1m[34mSELECT "schema_migrations"."version" FROM "schema_migrations" ORDER BY "schema_migrations"."version" ASC[0m
Migrating to CreateItems (20251031075732)
  [1m[36mTRANSACTION (0.1ms)[0m  [1m[36mbegin transaction[0m
  [1m[35m (0.9ms)[0m  [1m[35mCREATE TABLE "items" ("id" integer PRIMARY KEY AUTOINCREMENT NOT NULL, "name" varchar, "quantity" integer, "created_at" datetime(6) NOT NULL, "updated_at" datetime(6) NOT NULL)[0m
  [1m[36mActiveRecord::SchemaMigration Create (0.2ms)[0m  [1m[32mINSERT INTO "schema_migrations" ("version") VALUES ('20251031075732') RETURNING "version"[0m
  [1m[36mTRANSACTION (0.2ms)[0m  [1m[36mcommit transaction[0m
  [1m[36mActiveRecord::SchemaMigration Load (0.0ms)[0m  [1m[34mSELECT "schema_migrations"."version" FROM "schema_migrations" ORDER BY "schema_migrations"."version" ASC[0m
Started GET "/" for 127.0.0.1 at 2025-10-31 18:28:34 +1030
  [1m[36mActiveRecord::SchemaMigration Load (0.3ms)[0m  [1m[34mSELECT "schema_migrations"."version" FROM "schema_migrations" ORDER BY "schema_migrations"."version" ASC[0m
Processing by Rails::WelcomeController#index as HTML
  Rendering /home/tom/.gem/ruby/3.0.0/gems/railties-7.1.6/lib/rails/templates/rails/welcome/index.html.erb
  Rendered /home/tom/.gem/ruby/3.0.0/gems/railties-7.1.6/lib/rails/templates/rails/welcome/index.html.erb (Duration: 1.6ms | Allocations: 582)
Completed 200 OK in 28ms (Views: 8.0ms | ActiveRecord: 0.0ms | Allocations: 10004)


Started GET "/items" for 127.0.0.1 at 2025-10-31 18:29:24 +1030
Processing by ItemsController#index as HTML
  [1m[36mItem Load (0.1ms)[0m  [1m[34mSELECT "items".* FROM "items"[0m
  ↳ app/controllers/items_controller.rb:8:in `index'
Completed 200 OK in 47ms (Views: 1.1ms | ActiveRecord: 1.7ms | Allocations: 15336)


Started GET "/favicon.ico" for 127.0.0.1 at 2025-10-31 18:29:24 +1030
  
ActionController::RoutingError (No route matches [GET] "/favicon.ico"):
  
Started POST "/items" for 127.0.0.1 at 2025-10-31 18:30:24 +1030
Processing by ItemsController#create as */*
  Parameters: {"item"=>{"name"=>"Bread", "quantity"=>3}}
  [1m[36mTRANSACTION (0.1ms)[0m  [1m[36mbegin transaction[0m
  ↳ app/controllers/items_controller.rb:20:in `create'
  [1m[36mItem Create (1.7ms)[0m  [1m[32mINSERT INTO "items" ("name", "quantity", "created_at", "updated_at") VALUES (?, ?, ?, ?) RETURNING "id"[0m  [["name", "Bread"], ["quantity", 3], ["created_at", "2025-10-31 08:00:25.057077"], ["updated_at", "2025-10-31 08:00:25.057077"]]
  ↳ app/controllers/items_controller.rb:20:in `create'
  [1m[36mTRANSACTION (32.2ms)[0m  [1m[36mcommit transaction[0m
  ↳ app/controllers/items_controller.rb:20:in `create'
Completed 201 Created in 112ms (Views: 1.3ms | ActiveRecord: 34.5ms | Allocations: 22023)


Started GET "/items" for 127.0.0.1 at 2025-10-31 18:30:29 +1030
Processing by ItemsController#index as HTML
  [1m[36mItem Load (0.1ms)[0m  [1m[34mSELECT "items".* FROM "items"[0m
  ↳ app/controllers/items_controller.rb:8:in `index'
Completed 200 OK in 3ms (Views: 2.2ms | ActiveRecord: 0.1ms | Allocations: 842)


Started GET "/" for 127.0.0.1 at 2025-10-31 18:49:22 +1030
  [1m[36mActiveRecord::SchemaMigration Load (0.6ms)[0m  [1m[34mSELECT "schema_migrations"."version" FROM "schema_migrations" ORDER BY "schema_migrations"."version" ASC[0m
Processing by Rails::WelcomeController#index as HTML
  Rendering /home/tom/.gem/ruby/3.0.0/gems/railties-7.1.6/lib/rails/templates/rails/welcome/index.html.erb
  Rendered /home/tom/.gem/ruby/3.0.0/gems/railties-7.1.6/lib/rails/templates/rails/welcome/index.html.erb (Duration: 0.8ms | Allocations: 580)
Completed 200 OK in 18ms (Views: 5.7ms | ActiveRecord: 0.0ms | Allocations: 7164)


Started GET "/items" for 127.0.0.1 at 2025-10-31 18:50:06 +1030
Processing by ItemsController#index as HTML
  [1m[36mItem Load (0.1ms)[0m  [1m[34mSELECT "items".* FROM "items"[0m
  ↳ app/controllers/items_controller.rb:8:in `index'
Completed 200 OK in 39ms (Views: 13.4ms | ActiveRecord: 4.1ms | Allocations: 30852)


Started GET "/favicon.ico" for 127.0.0.1 at 2025-10-31 18:50:06 +1030
  
ActionController::RoutingError (No route matches [GET] "/favicon.ico"):
  
Started GET "/items" for ::1 at 2025-10-31 18:50:49 +1030
Processing by ItemsController#index as */*
  [1m[36mItem Load (0.7ms)[0m  [1m[34mSELECT "items".* FROM "items"[0m
  ↳ app/controllers/items_controller.rb:8:in `index'
Completed 200 OK in 5ms (Views: 3.8ms | ActiveRecord: 0.6ms | Allocations: 908)


Started GET "/items" for ::1 at 2025-10-31 18:50:49 +1030
Processing by ItemsController#index as */*
  [1m[36mItem Load (0.1ms)[0m  [1m[34mSELECT "items".* FROM "items"[0m
  ↳ app/controllers/items_controller.rb:8:in `index'
Completed 200 OK in 2ms (Views: 1.2ms | ActiveRecord: 0.1ms | Allocations: 734)


Started GET "/" for ::1 at 2025-10-31 19:09:58 +1030
Processing by Rails::WelcomeController#index as HTML
  Rendering /home/tom/.gem/ruby/3.0.0/gems/railties-7.1.6/lib/rails/templates/rails/welcome/index.html.erb
  Rendered /home/tom/.gem/ruby/3.0.0/gems/railties-7.1.6/lib/rails/templates/rails/welcome/index.html.erb (Duration: 5.1ms | Allocations: 19)
Completed 200 OK in 77ms (Views: 25.7ms | ActiveRecord: 0.0ms | Allocations: 291)


Started GET "/items" for ::1 at 2025-10-31 19:10:44 +1030
Processing by ItemsController#index as HTML
  [1m[36mItem Load (35.1ms)[0m  [1m[34mSELECT "items".* FROM "items"[0m
  ↳ app/controllers/items_controller.rb:8:in `index'
Completed 200 OK in 178ms (Views: 109.1ms | ActiveRecord: 54.5ms | Allocations: 1027)


Started GET "/favicon.ico" for ::1 at 2025-10-31 19:10:44 +1030
  
ActionController::RoutingError (No route matches [GET] "/favicon.ico"):
  
Started GET "/items" for 127.0.0.1 at 2025-10-31 19:15:44 +1030
Processing by ItemsController#index as HTML
  [1m[36mItem Load (0.2ms)[0m  [1m[34mSELECT "items".* FROM "items"[0m
  ↳ app/controllers/items_controller.rb:8:in `index'
Completed 200 OK in 16ms (Views: 15.5ms | ActiveRecord: 0.2ms | Allocations: 724)


Started GET "/items" for 127.0.0.1 at 2025-10-31 19:15:44 +1030
Processing by ItemsController#index as HTML
  [1m[36mItem Load (0.4ms)[0m  [1m[34mSELECT "items".* FROM "items"[0m
  ↳ app/controllers/items_controller.rb:8:in `index'
Completed 200 OK in 9ms (Views: 8.5ms | ActiveRecord: 0.4ms | Allocations: 721)


  [1m[36mActiveRecord::InternalMetadata Load (0.5ms)[0m  [1m[34mSELECT * FROM "ar_internal_metadata" WHERE "ar_internal_metadata"."key" = ? ORDER BY "ar_internal_metadata"."key" ASC LIMIT 1[0m  [[nil, "environment"]]
  [1m[36mActiveRecord::SchemaMigration Load (0.1ms)[0m  [1m[34mSELECT "schema_migrations"."version" FROM "schema_migrations" ORDER BY "schema_migrations"."version" ASC[0m
  [1m[36mActiveRecord::SchemaMigration Load (0.0ms)[0m  [1m[34mSELECT "schema_migrations"."version" FROM "schema_migrations" ORDER BY "schema_migrations"."version" ASC[0m
Started GET "/items" for 127.0.0.1 at 2025-10-31 19:16:58 +1030
Processing by ItemsController#index as HTML
  [1m[36mItem Load (0.1ms)[0m  [1m[34mSELECT "items".* FROM "items"[0m
  ↳ app/controllers/items_controller.rb:8:in `index'
Completed 200 OK in 36ms (Views: 19.7ms | ActiveRecord: 2.7ms | Allocations: 5031)


Started GET "/items" for 127.0.0.1 at 2025-10-31 19:16:58 +1030
Processing by ItemsController#index as HTML
  [1m[36mItem Load (0.2ms)[0m  [1m[34mSELECT "items".* FROM "items"[0m
  ↳ app/controllers/items_controller.rb:8:in `index'
Completed 200 OK in 3ms (Views: 2.1ms | ActiveRecord: 0.2ms | Allocations: 737)


Started PATCH "/items/1" for 127.0.0.1 at 2025-10-31 19:17:00 +1030
Processing by ItemsController#update as HTML
  Parameters: {"item"=>{"quantity"=>4}, "id"=>"1"}
  [1m[36mItem Load (0.3ms)[0m  [1m[34mSELECT "items".* FROM "items" WHERE "items"."id" = ? LIMIT ?[0m  [["id", 1], ["LIMIT", 1]]
  ↳ app/controllers/items_controller.rb:44:in `set_item'
  [1m[36mTRANSACTION (0.1ms)[0m  [1m[36mbegin transaction[0m
  ↳ app/controllers/items_controller.rb:29:in `update'
  [1m[36mItem Update (3.1ms)[0m  [1m[33mUPDATE "items" SET "quantity" = ?, "updated_at" = ? WHERE "items"."id" = ?[0m  [["quantity", 4], ["updated_at", "2025-10-31 08:47:00.326238"], ["id", 1]]
  ↳ app/controllers/items_controller.rb:29:in `update'
  [1m[36mTRANSACTION (5.1ms)[0m  [1m[36mcommit transaction[0m
  ↳ app/controllers/items_controller.rb:29:in `update'
Completed 200 OK in 52ms (Views: 0.4ms | ActiveRecord: 8.6ms | Allocations: 4610)


Started GET "/items" for 127.0.0.1 at 2025-10-31 19:17:00 +1030
Processing by ItemsController#index as HTML
  [1m[36mItem Load (0.1ms)[0m  [1m[34mSELECT "items".* FROM "items"[0m
  ↳ app/controllers/items_controller.rb:8:in `index'
Completed 200 OK in 2ms (Views: 1.5ms | ActiveRecord: 0.1ms | Allocations: 725)


Started PATCH "/items/1" for 127.0.0.1 at 2025-10-31 19:17:01 +1030
Processing by ItemsController#update as HTML
  Parameters: {"item"=>{"quantity"=>3}, "id"=>"1"}
  [1m[36mItem Load (0.1ms)[0m  [1m[34mSELECT "items".* FROM "items" WHERE "items"."id" = ? LIMIT ?[0m  [["id", 1], ["LIMIT", 1]]
  ↳ app/controllers/items_controller.rb:44:in `set_item'
  [1m[36mTRANSACTION (0.0ms)[0m  [1m[36mbegin transaction[0m
  ↳ app/controllers/items_controller.rb:29:in `update'
  [1m[36mItem Update (0.9ms)[0m  [1m[33mUPDATE "items" SET "quantity" = ?, "updated_at" = ? WHERE "items"."id" = ?[0m  [["quantity", 3], ["updated_at", "2025-10-31 08:47:01.228931"], ["id", 1]]
  ↳ app/controllers/items_controller.rb:29:in `update'
  [1m[36mTRANSACTION (0.2ms)[0m  [1m[36mcommit transaction[0m
  ↳ app/controllers/items_controller.rb:29:in `update'
Completed 200 OK in 5ms (Views: 0.3ms | ActiveRecord: 1.2ms | Allocations: 2452)


Started GET "/items" for 127.0.0.1 at 2025-10-31 19:17:01 +1030
Processing by ItemsController#index as HTML
  [1m[36mItem Load (0.1ms)[0m  [1m[34mSELECT "items".* FROM "items"[0m
  ↳ app/controllers/items_controller.rb:8:in `index'
Completed 200 OK in 2ms (Views: 1.5ms | ActiveRecord: 0.1ms | Allocations: 721)


Started POST "/items" for 127.0.0.1 at 2025-10-31 19:17:10 +1030
Processing by ItemsController#create as HTML
  Parameters: {"item"=>{"name"=>"Milk", "quantity"=>1}}
  [1m[36mTRANSACTION (0.1ms)[0m  [1m[36mbegin transaction[0m
  ↳ app/controllers/items_controller.rb:20:in `create'
  [1m[36mItem Create (1.7ms)[0m  [1m[32mINSERT INTO "items" ("name", "quantity", "created_at", "updated_at") VALUES (?, ?, ?, ?) RETURNING "id"[0m  [["name", "Milk"], ["quantity", 1], ["created_at", "2025-10-31 08:47:10.574434"], ["updated_at", "2025-10-31 08:47:10.574434"]]
  ↳ app/controllers/items_controller.rb:20:in `create'
  [1m[36mTRANSACTION (0.1ms)[0m  [1m[36mcommit transaction[0m
  ↳ app/controllers/items_controller.rb:20:in `create'
Completed 201 Created in 11ms (Views: 2.9ms | ActiveRecord: 2.0ms | Allocations: 2219)


Started GET "/items" for 127.0.0.1 at 2025-10-31 19:17:10 +1030
Processing by ItemsController#index as HTML
  [1m[36mItem Load (0.1ms)[0m  [1m[34mSELECT "items".* FROM "items"[0m
  ↳ app/controllers/items_controller.rb:8:in `index'
Completed 200 OK in 2ms (Views: 1.9ms | ActiveRecord: 0.1ms | Allocations: 791)


Started PATCH "/items/2" for 127.0.0.1 at 2025-10-31 19:17:11 +1030
Processing by ItemsController#update as HTML
  Parameters: {"item"=>{"quantity"=>2}, "id"=>"2"}
  [1m[36mItem Load (0.1ms)[0m  [1m[34mSELECT "items".* FROM "items" WHERE "items"."id" = ? LIMIT ?[0m  [["id", 2], ["LIMIT", 1]]
  ↳ app/controllers/items_controller.rb:44:in `set_item'
  [1m[36mTRANSACTION (0.0ms)[0m  [1m[36mbegin transaction[0m
  ↳ app/controllers/items_controller.rb:29:in `update'
  [1m[36mItem Update (1.2ms)[0m  [1m[33mUPDATE "items" SET "quantity" = ?, "updated_at" = ? WHERE "items"."id" = ?[0m  [["quantity", 2], ["updated_at", "2025-10-31 08:47:11.560952"], ["id", 2]]
  ↳ app/controllers/items_controller.rb:29:in `update'
  [1m[36mTRANSACTION (0.1ms)[0m  [1m[36mcommit transaction[0m
  ↳ app/controllers/items_controller.rb:29:in `update'
Completed 200 OK in 6ms (Views: 0.3ms | ActiveRecord: 1.5ms | Allocations: 2449)


Started GET "/items" for 127.0.0.1 at 2025-10-31 19:17:11 +1030
Processing by ItemsController#index as HTML
  [1m[36mItem Load (0.3ms)[0m  [1m[34mSELECT "items".* FROM "items"[0m
  ↳ app/controllers/items_controller.rb:8:in `index'
Completed 200 OK in 2ms (Views: 1.3ms | ActiveRecord: 0.3ms | Allocations: 805)


Started GET "/items" for ::1 at 2025-10-31 19:17:12 +1030
Processing by ItemsController#index as HTML
  [1m[36mItem Load (0.4ms)[0m  [1m[34mSELECT "items".* FROM "items"[0m
  ↳ app/controllers/items_controller.rb:8:in `index'
Completed 200 OK in 3ms (Views: 2.1ms | ActiveRecord: 0.3ms | Allocations: 791)


